<?xml version="1.0" encoding="UTF-8"?>
<!-- Generated by org.testng.reporters.JUnitReportReporter -->
<testsuite hostname="Gene-mgt.geneplus.org.cn" name="abra.ScoredContigTest" tests="1" failures="0" timestamp="14 Oct 2017 12:20:59 GMT" time="0.004" errors="0">
  <testcase name="testConvertAndFilter" time="0.004" classname="abra.ScoredContigTest"/>
</testsuite> <!-- abra.ScoredContigTest -->
