<?xml version="1.0" encoding="UTF-8"?>
<!-- Generated by org.testng.reporters.JUnitReportReporter -->
<testsuite hostname="Gene-mgt.geneplus.org.cn" name="abra.ReAlignerOptionsTest" tests="2" failures="0" timestamp="14 Oct 2017 12:20:59 GMT" time="0.039" errors="0">
  <testcase name="testBamParams" time="0.034" classname="abra.ReAlignerOptionsTest"/>
  <testcase name="testNoParams" time="0.005" classname="abra.ReAlignerOptionsTest"/>
</testsuite> <!-- abra.ReAlignerOptionsTest -->
