<?xml version="1.0" encoding="UTF-8"?>
<!-- Generated by org.testng.reporters.JUnitReportReporter -->
<testsuite hostname="Gene-mgt.geneplus.org.cn" name="abra.RealignerTest" tests="3" failures="0" timestamp="14 Oct 2017 12:20:59 GMT" time="0.019" errors="0">
  <testcase name="testPairJunctions_cannotAppearInSameContig" time="0.000" classname="abra.RealignerTest"/>
  <testcase name="testCollapseRegions" time="0.001" classname="abra.RealignerTest"/>
  <testcase name="testPairJunctions" time="0.018" classname="abra.RealignerTest"/>
</testsuite> <!-- abra.RealignerTest -->
