<?xml version="1.0" encoding="UTF-8"?>
<!-- Generated by org.testng.reporters.JUnitReportReporter -->
<testsuite hostname="Gene-mgt.geneplus.org.cn" name="abra.SemiGlobalAlignerTest" tests="8" failures="0" timestamp="14 Oct 2017 12:21:00 GMT" time="0.056" errors="0">
  <testcase name="testDelete" time="0.000" classname="abra.SemiGlobalAlignerTest"/>
  <testcase name="testBigDel" time="0.008" classname="abra.SemiGlobalAlignerTest"/>
  <testcase name="testEndToEnd" time="0.001" classname="abra.SemiGlobalAlignerTest"/>
  <testcase name="testMismatches" time="0.001" classname="abra.SemiGlobalAlignerTest"/>
  <testcase name="testInsert" time="0.000" classname="abra.SemiGlobalAlignerTest"/>
  <testcase name="testInsert2" time="0.001" classname="abra.SemiGlobalAlignerTest"/>
  <testcase name="testUnderflowBug" time="0.045" classname="abra.SemiGlobalAlignerTest"/>
  <testcase name="testExactMatch" time="0.000" classname="abra.SemiGlobalAlignerTest"/>
</testsuite> <!-- abra.SemiGlobalAlignerTest -->
