<?xml version="1.0" encoding="UTF-8"?>
<!-- Generated by org.testng.reporters.JUnitReportReporter -->
<testsuite hostname="Gene-mgt.geneplus.org.cn" name="abra.ChromosomeRegexTest" tests="6" failures="0" timestamp="14 Oct 2017 12:20:59 GMT" time="0.009" errors="0">
  <testcase name="testChrX" time="0.000" classname="abra.ChromosomeRegexTest"/>
  <testcase name="testHg19Gl" time="0.000" classname="abra.ChromosomeRegexTest"/>
  <testcase name="testChr1" time="0.007" classname="abra.ChromosomeRegexTest"/>
  <testcase name="testHg19Decoy" time="0.001" classname="abra.ChromosomeRegexTest"/>
  <testcase name="testUnplaced" time="0.001" classname="abra.ChromosomeRegexTest"/>
  <testcase name="testRandom" time="0.000" classname="abra.ChromosomeRegexTest"/>
</testsuite> <!-- abra.ChromosomeRegexTest -->
