<?xml version="1.0" encoding="UTF-8"?>
<!-- Generated by org.testng.reporters.JUnitReportReporter -->
<testsuite hostname="Gene-mgt.geneplus.org.cn" name="abra.JunctionUtilsTest" tests="3" failures="0" timestamp="14 Oct 2017 12:20:59 GMT" time="0.023" errors="0">
  <testcase name="testLoadJunctionsFromGtf" time="0.007" classname="abra.JunctionUtilsTest"/>
  <testcase name="testCombineJunctions" time="0.007" classname="abra.JunctionUtilsTest"/>
  <testcase name="testGetRegionJunctions" time="0.009" classname="abra.JunctionUtilsTest"/>
</testsuite> <!-- abra.JunctionUtilsTest -->
