<?xml version="1.0" encoding="UTF-8"?>
<!-- Generated by org.testng.reporters.JUnitReportReporter -->
<testsuite hostname="Gene-mgt.geneplus.org.cn" name="abra.SAMRecordUtilsTest" tests="30" failures="0" timestamp="14 Oct 2017 12:20:59 GMT" time="0.004" errors="0">
  <testcase name="testSubsetCigar_skipElem" time="0.000" classname="abra.SAMRecordUtilsTest"/>
  <testcase name="testMergeSequences_tooManyMismatches" time="0.000" classname="abra.SAMRecordUtilsTest"/>
  <testcase name="testSubsetCigar_spanElems2" time="0.000" classname="abra.SAMRecordUtilsTest"/>
  <testcase name="testGetLeadingClips_empty" time="0.001" classname="abra.SAMRecordUtilsTest"/>
  <testcase name="testSubsetCigar_spanAll2" time="0.000" classname="abra.SAMRecordUtilsTest"/>
  <testcase name="testSubsetCigar_long" time="0.000" classname="abra.SAMRecordUtilsTest"/>
  <testcase name="testGetTrailingClips" time="0.000" classname="abra.SAMRecordUtilsTest"/>
  <testcase name="testMergeSequences_preferredMismatch" time="0.000" classname="abra.SAMRecordUtilsTest"/>
  <testcase name="testSubsetCigar_lessThan1Elem3" time="0.000" classname="abra.SAMRecordUtilsTest"/>
  <testcase name="testSubsetCigar_deletion" time="0.000" classname="abra.SAMRecordUtilsTest"/>
  <testcase name="testSubsetCigar_spanAll3" time="0.000" classname="abra.SAMRecordUtilsTest"/>
  <testcase name="testSubsetCigar_spanElems3" time="0.000" classname="abra.SAMRecordUtilsTest"/>
  <testcase name="testRemoveSoftClips_withDeletionAndSoftClipAtStart" time="0.000" classname="abra.SAMRecordUtilsTest"/>
  <testcase name="testSubsetCigar_exact" time="0.000" classname="abra.SAMRecordUtilsTest"/>
  <testcase name="testSubsetCigar_spanElems1" time="0.000" classname="abra.SAMRecordUtilsTest"/>
  <testcase name="testMergeSequences_multipleHeadHits" time="0.000" classname="abra.SAMRecordUtilsTest"/>
  <testcase name="testGetMappedReadPortion" time="0.000" classname="abra.SAMRecordUtilsTest"/>
  <testcase name="testGetTrailingClips_empty" time="0.000" classname="abra.SAMRecordUtilsTest"/>
  <testcase name="testRemoveSoftClips_withDeletionAndSoftClipAtEnd" time="0.000" classname="abra.SAMRecordUtilsTest"/>
  <testcase name="testMergeSequences" time="0.001" classname="abra.SAMRecordUtilsTest"/>
  <testcase name="testSubsetCigar_skipAndSpan1" time="0.000" classname="abra.SAMRecordUtilsTest"/>
  <testcase name="testSubsetCigar_spanAll4" time="0.000" classname="abra.SAMRecordUtilsTest"/>
  <testcase name="testSubsetCigar_lessThanFirstElem" time="0.001" classname="abra.SAMRecordUtilsTest"/>
  <testcase name="testSubsetCigar_skipElem2" time="0.000" classname="abra.SAMRecordUtilsTest"/>
  <testcase name="testMergeSequences_discordantMismatch" time="0.000" classname="abra.SAMRecordUtilsTest"/>
  <testcase name="testSubsetCigar_lessThan1Elem2" time="0.000" classname="abra.SAMRecordUtilsTest"/>
  <testcase name="testSubsetCigar_skipAndSpan2" time="0.001" classname="abra.SAMRecordUtilsTest"/>
  <testcase name="testSubsetCigar_lessThan1Elem" time="0.000" classname="abra.SAMRecordUtilsTest"/>
  <testcase name="testSubsetCigar_spanAll1" time="0.000" classname="abra.SAMRecordUtilsTest"/>
  <testcase name="testGetLeadingClips" time="0.000" classname="abra.SAMRecordUtilsTest"/>
</testsuite> <!-- abra.SAMRecordUtilsTest -->
