<?xml version="1.0" encoding="UTF-8"?>
<!-- Generated by org.testng.reporters.JUnitReportReporter -->
<testsuite hostname="Gene-mgt.geneplus.org.cn" name="abra.SimpleMapperTest" tests="11" failures="0" timestamp="14 Oct 2017 12:21:01 GMT" time="0.004" errors="0">
  <testcase name="testMapSixMismatchesIncreasedMismatchRate" time="0.001" classname="abra.SimpleMapperTest"/>
  <testcase name="testMapOneMismatch" time="0.000" classname="abra.SimpleMapperTest"/>
  <testcase name="testReverseComplement2Mismatches" time="0.000" classname="abra.SimpleMapperTest"/>
  <testcase name="testShortAmbiguousMatch" time="0.000" classname="abra.SimpleMapperTest"/>
  <testcase name="testMapFiveMismatches" time="0.000" classname="abra.SimpleMapperTest"/>
  <testcase name="testMapAmbiguousMatch" time="0.000" classname="abra.SimpleMapperTest"/>
  <testcase name="testMapAmbiguousMatchWithMismatches" time="0.000" classname="abra.SimpleMapperTest"/>
  <testcase name="testReverseComplementExact" time="0.001" classname="abra.SimpleMapperTest"/>
  <testcase name="testMapNoSeedMatch" time="0.001" classname="abra.SimpleMapperTest"/>
  <testcase name="testSimple1Mismatch" time="0.000" classname="abra.SimpleMapperTest"/>
  <testcase name="testMapExact" time="0.001" classname="abra.SimpleMapperTest"/>
</testsuite> <!-- abra.SimpleMapperTest -->
