<?xml version="1.0" encoding="UTF-8"?>
<!-- Generated by org.testng.reporters.JUnitReportReporter -->
<testsuite hostname="Gene-mgt.geneplus.org.cn" name="abra.CigarUtilsTest" tests="19" failures="0" timestamp="14 Oct 2017 12:20:59 GMT" time="0.013" errors="0">
  <testcase name="testBeyondMultipleIndels" time="0.007" classname="abra.CigarUtilsTest"/>
  <testcase name="testReadBeyondDeletion" time="0.000" classname="abra.CigarUtilsTest"/>
  <testcase name="testDeletion" time="0.000" classname="abra.CigarUtilsTest"/>
  <testcase name="testInsertionPartialOverlapAtStart" time="0.000" classname="abra.CigarUtilsTest"/>
  <testcase name="testMultipleIndels" time="0.000" classname="abra.CigarUtilsTest"/>
  <testcase name="testExtendContig" time="0.000" classname="abra.CigarUtilsTest"/>
  <testcase name="testMatchSubset" time="0.000" classname="abra.CigarUtilsTest"/>
  <testcase name="testReadBeyondInsertion" time="0.000" classname="abra.CigarUtilsTest"/>
  <testcase name="testInsertion" time="0.000" classname="abra.CigarUtilsTest"/>
  <testcase name="testExactMatch" time="0.000" classname="abra.CigarUtilsTest"/>
  <testcase name="testCompare" time="0.003" classname="abra.CigarUtilsTest"/>
  <testcase name="testInsertionPartialOverlapAtEnd" time="0.000" classname="abra.CigarUtilsTest"/>
  <testcase name="testSkipDeletionAtEnd" time="0.001" classname="abra.CigarUtilsTest"/>
  <testcase name="testInjectSplice" time="0.000" classname="abra.CigarUtilsTest"/>
  <testcase name="testInsertionAtStart" time="0.000" classname="abra.CigarUtilsTest"/>
  <testcase name="testSkipDeletionAtStart" time="0.000" classname="abra.CigarUtilsTest"/>
  <testcase name="testInjectSplices" time="0.001" classname="abra.CigarUtilsTest"/>
  <testcase name="testSkipInsertionAtEnd" time="0.000" classname="abra.CigarUtilsTest"/>
  <testcase name="testSkipDeletionWithinStart" time="0.001" classname="abra.CigarUtilsTest"/>
</testsuite> <!-- abra.CigarUtilsTest -->
