<?xml version="1.0" encoding="UTF-8"?>
<!-- Generated by org.testng.reporters.JUnitReportReporter -->
<testsuite hostname="Gene-mgt.geneplus.org.cn" name="abra.ReadEvaluatorTest" tests="6" failures="0" timestamp="14 Oct 2017 12:21:01 GMT" time="0.025" errors="0">
  <testcase name="testSelectBestAlignment" time="0.001" classname="abra.ReadEvaluatorTest"/>
  <testcase name="testSingleAlignmentSingleContig_noImprovement" time="0.000" classname="abra.ReadEvaluatorTest"/>
  <testcase name="testSingleAlignmentSingleContig" time="0.000" classname="abra.ReadEvaluatorTest"/>
  <testcase name="testSingleAlignmentSingleContig_reverseComplement" time="0.000" classname="abra.ReadEvaluatorTest"/>
  <testcase name="testMapToMultipleContigsSynonymously" time="0.024" classname="abra.ReadEvaluatorTest"/>
  <testcase name="testMultimapWithinContig" time="0.000" classname="abra.ReadEvaluatorTest"/>
</testsuite> <!-- abra.ReadEvaluatorTest -->
