<?xml version="1.0" encoding="UTF-8"?>
<!-- Generated by org.testng.reporters.JUnitReportReporter -->
<testsuite hostname="Gene-mgt.geneplus.org.cn" name="abra.cadabra.RepeatUtilsTest" tests="15" failures="0" timestamp="14 Oct 2017 12:21:01 GMT" time="0.004" errors="0">
  <testcase name="testGetRepeatUnit_NearHomopolymer3" time="0.000" classname="abra.cadabra.RepeatUtilsTest"/>
  <testcase name="testGetRepeatUnit_NearStr1" time="0.000" classname="abra.cadabra.RepeatUtilsTest"/>
  <testcase name="testGetRepeatUnit_NearHomopolymer2" time="0.000" classname="abra.cadabra.RepeatUtilsTest"/>
  <testcase name="testGetRepeatPeriod_Str3" time="0.000" classname="abra.cadabra.RepeatUtilsTest"/>
  <testcase name="testGetRepeatPeriod_Str2" time="0.000" classname="abra.cadabra.RepeatUtilsTest"/>
  <testcase name="testGetRepeatPeriod_NoRepeat1" time="0.000" classname="abra.cadabra.RepeatUtilsTest"/>
  <testcase name="testGetRepeatUnit_Homopolymer" time="0.000" classname="abra.cadabra.RepeatUtilsTest"/>
  <testcase name="testGetRepeatUnit_SingleNt" time="0.000" classname="abra.cadabra.RepeatUtilsTest"/>
  <testcase name="testGetRepeatUnit_NearHomopolymer1" time="0.001" classname="abra.cadabra.RepeatUtilsTest"/>
  <testcase name="testGetRepeatPeriod_Str1" time="0.000" classname="abra.cadabra.RepeatUtilsTest"/>
  <testcase name="testGetRepeatUnit_Str3" time="0.000" classname="abra.cadabra.RepeatUtilsTest"/>
  <testcase name="testGetRepeatUnit_Str2" time="0.000" classname="abra.cadabra.RepeatUtilsTest"/>
  <testcase name="testGetRepeatUnit_Str1" time="0.000" classname="abra.cadabra.RepeatUtilsTest"/>
  <testcase name="testGetRepeatPeriod_NoRepeat" time="0.000" classname="abra.cadabra.RepeatUtilsTest"/>
  <testcase name="testGetRepeatPeriod_HpRun" time="0.003" classname="abra.cadabra.RepeatUtilsTest"/>
</testsuite> <!-- abra.cadabra.RepeatUtilsTest -->
