<?xml version="1.0" encoding="UTF-8"?>
<!-- Generated by org.testng.reporters.JUnitReportReporter -->
<testsuite hostname="Gene-mgt.geneplus.org.cn" name="abra.FeatureTest" tests="1" failures="0" timestamp="14 Oct 2017 12:21:01 GMT" time="0.000" errors="0">
  <testcase name="testOverlaps" time="0.000" classname="abra.FeatureTest"/>
</testsuite> <!-- abra.FeatureTest -->
