<?xml version="1.0" encoding="UTF-8"?>
<!-- Generated by org.testng.reporters.JUnitReportReporter -->
<testsuite hostname="Gene-mgt.geneplus.org.cn" name="abra.IndelShifterTest" tests="8" failures="0" timestamp="14 Oct 2017 12:20:59 GMT" time="0.038" errors="0">
  <testcase name="testShiftCigarLeft_basic" time="0.006" classname="abra.IndelShifterTest"/>
  <testcase name="testShiftCigarLeft_insertAtTail" time="0.000" classname="abra.IndelShifterTest"/>
  <testcase name="testShiftDelLeft" time="0.003" classname="abra.IndelShifterTest"/>
  <testcase name="testShiftCigarLeft_complex" time="0.000" classname="abra.IndelShifterTest"/>
  <testcase name="testShiftCigarLeft_multipleIndels" time="0.000" classname="abra.IndelShifterTest"/>
  <testcase name="testShiftIndelsLeft_LocalRef" time="0.000" classname="abra.IndelShifterTest"/>
  <testcase name="testShiftIndelsLeft" time="0.028" classname="abra.IndelShifterTest"/>
  <testcase name="testShiftCigarLeft_softClipping" time="0.001" classname="abra.IndelShifterTest"/>
</testsuite> <!-- abra.IndelShifterTest -->
