<?xml version="1.0" encoding="UTF-8"?>
<!-- Generated by org.testng.reporters.JUnitReportReporter -->
<testsuite hostname="Gene-mgt.geneplus.org.cn" name="abra.cadabra.HomopolymerRunTest" tests="4" failures="0" timestamp="14 Oct 2017 12:21:00 GMT" time="0.003" errors="0">
  <testcase name="testBasic" time="0.003" classname="abra.cadabra.HomopolymerRunTest"/>
  <testcase name="testLeading" time="0.000" classname="abra.cadabra.HomopolymerRunTest"/>
  <testcase name="testNone" time="0.000" classname="abra.cadabra.HomopolymerRunTest"/>
  <testcase name="testTrailing" time="0.000" classname="abra.cadabra.HomopolymerRunTest"/>
</testsuite> <!-- abra.cadabra.HomopolymerRunTest -->
